<?xml version="1.0" encoding="UTF-8"?>
<robot generator="Robot 4.1.3 (Python 3.7.5 on win32)" generated="20220219 14:44:06.092" rpa="true" schemaversion="2">
<suite id="s1" name="Tasks" source="c:\Users\002WEL744\Documents\Roboco\Certificate Lavel 2\tasks.robot">
<test id="s1-t1" name="Order robots from RobotSpareBin Industries Inc">
<kw name="Open the robot order website">
<kw name="Open Available Browser" library="RPA.Browser.Selenium">
<arg>${web_URL}</arg>
<doc>Attempts to open a browser on the user's device from a set of
supported browsers. Automatically downloads a corresponding webdriver
if none is already installed.</doc>
<msg timestamp="20220219 14:44:10.728" level="INFO">Creating an instance of the Chrome WebDriver.</msg>
<msg timestamp="20220219 14:44:10.798" level="INFO">Created download root directory: C:\Users\002WEL744\AppData\Local\robocorp\webdrivers</msg>
<msg timestamp="20220219 14:44:10.798" level="INFO">Created symlink directory: C:\Users\002WEL744\AppData\Local\robocorp\webdrivers</msg>
<msg timestamp="20220219 14:44:10.799" level="INFO">Creating an instance of the Chrome WebDriver.</msg>
<msg timestamp="20220219 14:44:12.761" level="INFO">Created Chrome browser with arguments: --disable-dev-shm-usage --disable-web-security --allow-running-insecure-content --no-sandbox</msg>
<msg timestamp="20220219 14:44:12.761" level="INFO" html="true">&lt;p&gt;Attempted combinations:&lt;/p&gt;&lt;div class="doc"&gt;&lt;table&gt;&lt;tr&gt;&lt;th&gt;Browser&lt;/th&gt;&lt;th&gt;Download&lt;/th&gt;&lt;th&gt;Error&lt;/th&gt;&lt;/tr&gt;&lt;tr&gt;&lt;td&gt;Chrome&lt;/td&gt;&lt;td&gt;False&lt;/td&gt;&lt;td&gt;Message: 'chromedriver' executable needs to be in PATH. Please see https://sites.google.com/a/chromium.org/chromedriver/home
&lt;/td&gt;&lt;/tr&gt;&lt;tr&gt;&lt;td&gt;Chrome&lt;/td&gt;&lt;td&gt;True&lt;/td&gt;&lt;td&gt;&lt;/td&gt;&lt;/tr&gt;&lt;/table&gt;&lt;/div&gt;</msg>
<msg timestamp="20220219 14:44:12.761" level="INFO">Opening url 'https://robotsparebinindustries.com/#/robot-order'</msg>
<status status="PASS" starttime="20220219 14:44:10.727" endtime="20220219 14:44:13.296"/>
</kw>
<kw name="Maximize Browser Window" library="RPA.Browser.Selenium">
<doc>Maximizes current browser window.</doc>
<status status="PASS" starttime="20220219 14:44:13.297" endtime="20220219 14:44:13.425"/>
</kw>
<status status="PASS" starttime="20220219 14:44:10.727" endtime="20220219 14:44:13.425"/>
</kw>
<kw name="Close the annoying modal">
<kw name="Click Element If Visible" library="RPA.Browser.Selenium">
<arg>//button[@class='btn btn-dark' and contains(text(), "OK")]</arg>
<doc>Click element if it is visible</doc>
<msg timestamp="20220219 14:44:13.458" level="INFO">Element '//button[@class='btn btn-dark' and contains(text(), "OK")]' is displayed.</msg>
<msg timestamp="20220219 14:44:13.458" level="INFO">Clicking element '//button[@class='btn btn-dark' and contains(text(), "OK")]'.</msg>
<status status="PASS" starttime="20220219 14:44:13.425" endtime="20220219 14:44:13.509"/>
</kw>
<status status="PASS" starttime="20220219 14:44:13.425" endtime="20220219 14:44:13.510"/>
</kw>
<status status="PASS" starttime="20220219 14:44:10.726" endtime="20220219 14:44:13.510"/>
</test>
<doc>Orders robots from RobotSpareBin Industries Inc.
Saves the order HTML receipt as a PDF file.
Saves the screenshot of the ordered robot.
Embeds the screenshot of the robot to the PDF receipt.
Creates ZIP archive of the receipts and the images.</doc>
<status status="PASS" starttime="20220219 14:44:06.094" endtime="20220219 14:44:13.512"/>
</suite>
<statistics>
<total>
<stat pass="1" fail="0" skip="0">All Tasks</stat>
</total>
<tag>
</tag>
<suite>
<stat pass="1" fail="0" skip="0" id="s1" name="Tasks">Tasks</stat>
</suite>
</statistics>
<errors>
</errors>
</robot>
